IMLib/build/outputs/logs/manifest-merger-release-report.txt
-- Merging decision tree log ---
manifest
ADDED from Pinyipin-master\IMLib\AndroidManifest.xml:1:1-85:12
INJECTED from Pinyipin-master\IMLib\AndroidManifest.xml:1:1-85:12
INJECTED from Pinyipin-master\IMLib\AndroidManifest.xml:1:1-85:12
INJECTED from Pinyipin-master\IMLib\AndroidManifest.xml:1:1-85:12
INJECTED from Pinyipin-master\IMLib\AndroidManifest.xml:1:1-85:12
INJECTED from Pinyipin-master\IMLib\AndroidManifest.xml:1:1-85:12
INJECTED from Pinyipin-master\IMLib\AndroidManifest.xml:1:1-85:12
	package
		ADDED from Pinyipin-master\IMLib\AndroidManifest.xml:2:5-28
		INJECTED from Pinyipin-master\IMLib\AndroidManifest.xml
		INJECTED from Pinyipin-master\IMLib\AndroidManifest.xml
	android:versionName
		INJECTED from Pinyipin-master\IMLib\AndroidManifest.xml
		ADDED from Pinyipin-master\IMLib\AndroidManifest.xml:1:1-85:12
		INJECTED from Pinyipin-master\IMLib\AndroidManifest.xml
	android:versionCode
		INJECTED from Pinyipin-master\IMLib\AndroidManifest.xml
		ADDED from Pinyipin-master\IMLib\AndroidManifest.xml:1:1-85:12
		INJECTED from Pinyipin-master\IMLib\AndroidManifest.xml
	xmlns:android
		ADDED from Pinyipin-master\IMLib\AndroidManifest.xml:1:11-69
uses-sdk
ADDED from Pinyipin-master\IMLib\AndroidManifest.xml:3:5-5:41
INJECTED from Pinyipin-master\IMLib\AndroidManifest.xml:3:5-5:41
INJECTED from Pinyipin-master\IMLib\AndroidManifest.xml:3:5-5:41
INJECTED from Pinyipin-master\IMLib\AndroidManifest.xml:3:5-5:41
INJECTED from Pinyipin-master\IMLib\AndroidManifest.xml:3:5-5:41
	android:targetSdkVersion
		ADDED from Pinyipin-master\IMLib\AndroidManifest.xml:5:9-38
		INJECTED from Pinyipin-master\IMLib\AndroidManifest.xml
		INJECTED from Pinyipin-master\IMLib\AndroidManifest.xml
	android:minSdkVersion
		ADDED from Pinyipin-master\IMLib\AndroidManifest.xml:4:9-35
		INJECTED from Pinyipin-master\IMLib\AndroidManifest.xml
		INJECTED from Pinyipin-master\IMLib\AndroidManifest.xml
uses-permission#android.permission.WRITE_EXTERNAL_STORAGE
ADDED from Pinyipin-master\IMLib\AndroidManifest.xml:7:5-81
	android:name
		ADDED from Pinyipin-master\IMLib\AndroidManifest.xml:7:22-78
uses-permission#android.permission.INTERNET
ADDED from Pinyipin-master\IMLib\AndroidManifest.xml:8:5-67
	android:name
		ADDED from Pinyipin-master\IMLib\AndroidManifest.xml:8:22-64
uses-permission#android.permission.ACCESS_NETWORK_STATE
ADDED from Pinyipin-master\IMLib\AndroidManifest.xml:9:5-79
	android:name
		ADDED from Pinyipin-master\IMLib\AndroidManifest.xml:9:22-76
uses-permission#android.permission.ACCESS_WIFI_STATE
ADDED from Pinyipin-master\IMLib\AndroidManifest.xml:10:5-76
	android:name
		ADDED from Pinyipin-master\IMLib\AndroidManifest.xml:10:22-73
uses-permission#android.permission.READ_PHONE_STATE
ADDED from Pinyipin-master\IMLib\AndroidManifest.xml:11:5-75
	android:name
		ADDED from Pinyipin-master\IMLib\AndroidManifest.xml:11:22-72
uses-permission#android.permission.RECORD_AUDIO
ADDED from Pinyipin-master\IMLib\AndroidManifest.xml:12:5-71
	android:name
		ADDED from Pinyipin-master\IMLib\AndroidManifest.xml:12:22-68
uses-permission#android.permission.GET_TASKS
ADDED from Pinyipin-master\IMLib\AndroidManifest.xml:13:5-68
	android:name
		ADDED from Pinyipin-master\IMLib\AndroidManifest.xml:13:22-65
uses-permission#android.permission.WAKE_LOCK
ADDED from Pinyipin-master\IMLib\AndroidManifest.xml:14:5-68
	android:name
		ADDED from Pinyipin-master\IMLib\AndroidManifest.xml:14:22-65
uses-permission#android.permission.MODIFY_AUDIO_SETTINGS
ADDED from Pinyipin-master\IMLib\AndroidManifest.xml:15:5-80
	android:name
		ADDED from Pinyipin-master\IMLib\AndroidManifest.xml:15:22-77
uses-permission#android.permission.VIBRATE
ADDED from Pinyipin-master\IMLib\AndroidManifest.xml:16:5-66
	android:name
		ADDED from Pinyipin-master\IMLib\AndroidManifest.xml:16:22-63
uses-permission#android.permission.ACCESS_FINE_LOCATION
ADDED from Pinyipin-master\IMLib\AndroidManifest.xml:17:5-79
	android:name
		ADDED from Pinyipin-master\IMLib\AndroidManifest.xml:17:22-76
uses-permission#android.permission.RECEIVE_BOOT_COMPLETED
ADDED from Pinyipin-master\IMLib\AndroidManifest.xml:18:5-81
	android:name
		ADDED from Pinyipin-master\IMLib\AndroidManifest.xml:18:22-78
application
ADDED from Pinyipin-master\IMLib\AndroidManifest.xml:20:5-83:19
meta-data#RONG_CLOUD_APP_KEY
ADDED from Pinyipin-master\IMLib\AndroidManifest.xml:23:9-25:45
	android:value
		ADDED from Pinyipin-master\IMLib\AndroidManifest.xml:25:13-42
	android:name
		ADDED from Pinyipin-master\IMLib\AndroidManifest.xml:24:13-46
service#io.rong.imlib.ipc.RongService
ADDED from Pinyipin-master\IMLib\AndroidManifest.xml:27:9-30:38
	android:process
		ADDED from Pinyipin-master\IMLib\AndroidManifest.xml:30:13-35
	android:exported
		ADDED from Pinyipin-master\IMLib\AndroidManifest.xml:29:13-36
	android:name
		ADDED from Pinyipin-master\IMLib\AndroidManifest.xml:28:13-57
receiver#io.rong.imlib.ConnectChangeReceiver
ADDED from Pinyipin-master\IMLib\AndroidManifest.xml:32:9-34:39
	android:exported
		ADDED from Pinyipin-master\IMLib\AndroidManifest.xml:34:13-36
	android:name
		ADDED from Pinyipin-master\IMLib\AndroidManifest.xml:33:13-63
receiver#io.rong.imlib.HeartbeatReceiver
ADDED from Pinyipin-master\IMLib\AndroidManifest.xml:36:9-38:38
	android:process
		ADDED from Pinyipin-master\IMLib\AndroidManifest.xml:38:13-35
	android:name
		ADDED from Pinyipin-master\IMLib\AndroidManifest.xml:37:13-59
service#io.rong.push.core.PushRegistrationService
ADDED from Pinyipin-master\IMLib\AndroidManifest.xml:45:9-48:72
	android:exported
		ADDED from Pinyipin-master\IMLib\AndroidManifest.xml:47:13-36
	android:permission
		ADDED from Pinyipin-master\IMLib\AndroidManifest.xml:48:13-69
	android:name
		ADDED from Pinyipin-master\IMLib\AndroidManifest.xml:46:13-69
service#io.rong.push.core.MessageHandleService
ADDED from Pinyipin-master\IMLib\AndroidManifest.xml:50:9-53:72
	android:exported
		ADDED from Pinyipin-master\IMLib\AndroidManifest.xml:52:13-36
	android:permission
		ADDED from Pinyipin-master\IMLib\AndroidManifest.xml:53:13-69
	android:name
		ADDED from Pinyipin-master\IMLib\AndroidManifest.xml:51:13-66
service#io.rong.push.PushService
ADDED from Pinyipin-master\IMLib\AndroidManifest.xml:56:9-60:46
	android:process
		ADDED from Pinyipin-master\IMLib\AndroidManifest.xml:60:13-43
	android:exported
		ADDED from Pinyipin-master\IMLib\AndroidManifest.xml:58:13-36
	android:permission
		ADDED from Pinyipin-master\IMLib\AndroidManifest.xml:59:13-69
	android:name
		ADDED from Pinyipin-master\IMLib\AndroidManifest.xml:57:13-52
receiver#io.rong.push.PushReceiver
ADDED from Pinyipin-master\IMLib\AndroidManifest.xml:63:9-78:20
	android:process
		ADDED from Pinyipin-master\IMLib\AndroidManifest.xml:65:13-43
	android:name
		ADDED from Pinyipin-master\IMLib\AndroidManifest.xml:64:13-53
intent-filter#action:name:android.net.conn.CONNECTIVITY_CHANGE+action:name:io.rong.push.intent.action.HEART_BEAT
ADDED from Pinyipin-master\IMLib\AndroidManifest.xml:67:13-70:29
action#io.rong.push.intent.action.HEART_BEAT
ADDED from Pinyipin-master\IMLib\AndroidManifest.xml:68:17-80
	android:name
		ADDED from Pinyipin-master\IMLib\AndroidManifest.xml:68:25-77
action#android.net.conn.CONNECTIVITY_CHANGE
ADDED from Pinyipin-master\IMLib\AndroidManifest.xml:69:17-79
	android:name
		ADDED from Pinyipin-master\IMLib\AndroidManifest.xml:69:25-76
intent-filter#action:name:android.intent.action.ACTION_POWER_CONNECTED+action:name:android.intent.action.ACTION_POWER_DISCONNECTED+action:name:android.intent.action.USER_PRESENT
ADDED from Pinyipin-master\IMLib\AndroidManifest.xml:73:13-77:29
action#android.intent.action.USER_PRESENT
ADDED from Pinyipin-master\IMLib\AndroidManifest.xml:74:17-77
	android:name
		ADDED from Pinyipin-master\IMLib\AndroidManifest.xml:74:25-74
action#android.intent.action.ACTION_POWER_CONNECTED
ADDED from Pinyipin-master\IMLib\AndroidManifest.xml:75:17-87
	android:name
		ADDED from Pinyipin-master\IMLib\AndroidManifest.xml:75:25-84
action#android.intent.action.ACTION_POWER_DISCONNECTED
ADDED from Pinyipin-master\IMLib\AndroidManifest.xml:76:17-90
	android:name
		ADDED from Pinyipin-master\IMLib\AndroidManifest.xml:76:25-87